[0812/212703.608:ERROR:process_memory_win.cc(73)] ReadMemory at 0x1f21e0b3ec0 of 72 bytes failed: ReadProcessMemory veya WriteProcessMemory isteðinin sadece bir parçasý tamamlandý. (0x12B)
[0812/212703.609:WARNING:pe_image_annotations_reader.cc(134)] could not read annotations list object in C:\Program Files (x86)\Google\Chrome\Application\84.0.4147.125\chrome_elf.dll
[0812/212703.609:ERROR:process_memory_win.cc(73)] ReadMemory at 0x1f21e0ffae0 of 72 bytes failed: ReadProcessMemory veya WriteProcessMemory isteðinin sadece bir parçasý tamamlandý. (0x12B)
[0812/212703.609:WARNING:pe_image_annotations_reader.cc(134)] could not read annotations list object in C:\Program Files (x86)\Google\Chrome\Application\84.0.4147.125\chrome.dll
[0812/212703.610:ERROR:process_memory_win.cc(73)] ReadMemory at 0x1f21f7f0000 of 64 bytes failed: ReadProcessMemory veya WriteProcessMemory isteðinin sadece bir parçasý tamamlandý. (0x12B)
[0812/212703.610:WARNING:pe_image_reader.cc(340)] could not read dos header from C:\Windows\System32\GDI32.dll
[0812/212703.618:ERROR:process_memory_win.cc(73)] ReadMemory at 0x1f21e0b3ec0 of 72 bytes failed: ReadProcessMemory veya WriteProcessMemory isteðinin sadece bir parçasý tamamlandý. (0x12B)
[0812/212703.618:WARNING:pe_image_annotations_reader.cc(134)] could not read annotations list object in C:\Program Files (x86)\Google\Chrome\Application\84.0.4147.125\chrome_elf.dll
[0812/212703.618:ERROR:process_memory_win.cc(73)] ReadMemory at 0x1f21e0ffae0 of 72 bytes failed: ReadProcessMemory veya WriteProcessMemory isteðinin sadece bir parçasý tamamlandý. (0x12B)
[0812/212703.618:WARNING:pe_image_annotations_reader.cc(134)] could not read annotations list object in C:\Program Files (x86)\Google\Chrome\Application\84.0.4147.125\chrome.dll
[0812/212703.618:ERROR:process_memory_win.cc(73)] ReadMemory at 0x1f21f7f0000 of 64 bytes failed: ReadProcessMemory veya WriteProcessMemory isteðinin sadece bir parçasý tamamlandý. (0x12B)
[0812/212703.618:WARNING:pe_image_reader.cc(340)] could not read dos header from C:\Windows\System32\GDI32.dll
[0812/212703.618:ERROR:process_memory_win.cc(73)] ReadMemory at 0x1f21e0b3ec0 of 72 bytes failed: ReadProcessMemory veya WriteProcessMemory isteðinin sadece bir parçasý tamamlandý. (0x12B)
[0812/212703.618:WARNING:pe_image_annotations_reader.cc(134)] could not read annotations list object in C:\Program Files (x86)\Google\Chrome\Application\84.0.4147.125\chrome_elf.dll
[0812/212703.618:ERROR:process_memory_win.cc(73)] ReadMemory at 0x1f21e0ffae0 of 72 bytes failed: ReadProcessMemory veya WriteProcessMemory isteðinin sadece bir parçasý tamamlandý. (0x12B)
[0812/212703.618:WARNING:pe_image_annotations_reader.cc(134)] could not read annotations list object in C:\Program Files (x86)\Google\Chrome\Application\84.0.4147.125\chrome.dll
[0812/212703.619:ERROR:process_memory_win.cc(73)] ReadMemory at 0x1f21f7f0000 of 64 bytes failed: ReadProcessMemory veya WriteProcessMemory isteðinin sadece bir parçasý tamamlandý. (0x12B)
[0812/212703.619:WARNING:pe_image_reader.cc(340)] could not read dos header from C:\Windows\System32\GDI32.dll
[0812/212703.637:ERROR:process_memory_win.cc(73)] ReadMemory at 0x2820de5000 of 110592 bytes failed: ReadProcessMemory veya WriteProcessMemory isteðinin sadece bir parçasý tamamlandý. (0x12B)
[0812/212703.637:ERROR:process_memory_win.cc(73)] ReadMemory at 0x28215fd000 of 12288 bytes failed: ReadProcessMemory veya WriteProcessMemory isteðinin sadece bir parçasý tamamlandý. (0x12B)
[0812/212703.637:ERROR:process_memory_win.cc(73)] ReadMemory at 0x28225fc000 of 16384 bytes failed: ReadProcessMemory veya WriteProcessMemory isteðinin sadece bir parçasý tamamlandý. (0x12B)
[0812/212703.637:ERROR:process_memory_win.cc(73)] ReadMemory at 0x2822dfc000 of 16384 bytes failed: ReadProcessMemory veya WriteProcessMemory isteðinin sadece bir parçasý tamamlandý. (0x12B)
[0812/212703.637:ERROR:process_memory_win.cc(73)] ReadMemory at 0x28235fe000 of 8192 bytes failed: ReadProcessMemory veya WriteProcessMemory isteðinin sadece bir parçasý tamamlandý. (0x12B)
[0812/212703.638:ERROR:process_memory_win.cc(73)] ReadMemory at 0x2823dfd000 of 12288 bytes failed: ReadProcessMemory veya WriteProcessMemory isteðinin sadece bir parçasý tamamlandý. (0x12B)
[0812/212703.638:ERROR:process_memory_win.cc(73)] ReadMemory at 0x28245fb000 of 20480 bytes failed: ReadProcessMemory veya WriteProcessMemory isteðinin sadece bir parçasý tamamlandý. (0x12B)
[0812/212703.638:ERROR:process_memory_win.cc(73)] ReadMemory at 0x28255fc000 of 16384 bytes failed: ReadProcessMemory veya WriteProcessMemory isteðinin sadece bir parçasý tamamlandý. (0x12B)
[0812/212703.638:ERROR:process_memory_win.cc(73)] ReadMemory at 0x2825df5000 of 45056 bytes failed: ReadProcessMemory veya WriteProcessMemory isteðinin sadece bir parçasý tamamlandý. (0x12B)
[0812/212703.638:ERROR:process_memory_win.cc(73)] ReadMemory at 0x28265f4000 of 49152 bytes failed: ReadProcessMemory veya WriteProcessMemory isteðinin sadece bir parçasý tamamlandý. (0x12B)
[0812/212703.638:ERROR:process_memory_win.cc(73)] ReadMemory at 0x2826df5000 of 45056 bytes failed: ReadProcessMemory veya WriteProcessMemory isteðinin sadece bir parçasý tamamlandý. (0x12B)
[0812/212703.638:ERROR:process_memory_win.cc(73)] ReadMemory at 0x28275f5000 of 45056 bytes failed: ReadProcessMemory veya WriteProcessMemory isteðinin sadece bir parçasý tamamlandý. (0x12B)
[0812/212703.638:ERROR:process_memory_win.cc(73)] ReadMemory at 0x2827dfd000 of 12288 bytes failed: ReadProcessMemory veya WriteProcessMemory isteðinin sadece bir parçasý tamamlandý. (0x12B)
[0812/212703.638:ERROR:process_memory_win.cc(73)] ReadMemory at 0x282c5fc000 of 16384 bytes failed: ReadProcessMemory veya WriteProcessMemory isteðinin sadece bir parçasý tamamlandý. (0x12B)
[0812/212703.639:ERROR:process_memory_win.cc(73)] ReadMemory at 0x2824dfd000 of 12288 bytes failed: ReadProcessMemory veya WriteProcessMemory isteðinin sadece bir parçasý tamamlandý. (0x12B)
[0812/212703.639:ERROR:process_memory_win.cc(73)] ReadMemory at 0x2828dfc000 of 16384 bytes failed: ReadProcessMemory veya WriteProcessMemory isteðinin sadece bir parçasý tamamlandý. (0x12B)
[0812/212703.639:ERROR:process_memory_win.cc(73)] ReadMemory at 0x282b5fd000 of 12288 bytes failed: ReadProcessMemory veya WriteProcessMemory isteðinin sadece bir parçasý tamamlandý. (0x12B)
[0812/212703.639:ERROR:process_memory_win.cc(73)] ReadMemory at 0x2821dfc000 of 16384 bytes failed: ReadProcessMemory veya WriteProcessMemory isteðinin sadece bir parçasý tamamlandý. (0x12B)
[0812/212703.639:ERROR:process_memory_win.cc(73)] ReadMemory at 0x282a5fc000 of 16384 bytes failed: ReadProcessMemory veya WriteProcessMemory isteðinin sadece bir parçasý tamamlandý. (0x12B)
[0812/212703.639:ERROR:process_memory_win.cc(73)] ReadMemory at 0x28295fd000 of 12288 bytes failed: ReadProcessMemory veya WriteProcessMemory isteðinin sadece bir parçasý tamamlandý. (0x12B)
[0812/212703.639:ERROR:process_memory_win.cc(73)] ReadMemory at 0x28285fd000 of 12288 bytes failed: ReadProcessMemory veya WriteProcessMemory isteðinin sadece bir parçasý tamamlandý. (0x12B)
[0812/212703.639:ERROR:process_memory_win.cc(73)] ReadMemory at 0x282adfd000 of 12288 bytes failed: ReadProcessMemory veya WriteProcessMemory isteðinin sadece bir parçasý tamamlandý. (0x12B)
[0812/212703.639:ERROR:process_memory_win.cc(73)] ReadMemory at 0x2829dfc000 of 16384 bytes failed: ReadProcessMemory veya WriteProcessMemory isteðinin sadece bir parçasý tamamlandý. (0x12B)
[0812/212703.639:ERROR:process_memory_win.cc(73)] ReadMemory at 0x2820493000 of 852 bytes failed: ReadProcessMemory veya WriteProcessMemory isteðinin sadece bir parçasý tamamlandý. (0x12B)
[0812/212703.639:ERROR:process_memory_win.cc(73)] ReadMemory at 0x2820494000 of 6024 bytes failed: ReadProcessMemory veya WriteProcessMemory isteðinin sadece bir parçasý tamamlandý. (0x12B)
[0812/212703.640:ERROR:process_memory_win.cc(73)] ReadMemory at 0x2820496000 of 6024 bytes failed: ReadProcessMemory veya WriteProcessMemory isteðinin sadece bir parçasý tamamlandý. (0x12B)
[0812/212703.640:ERROR:process_memory_win.cc(73)] ReadMemory at 0x282049a000 of 6024 bytes failed: ReadProcessMemory veya WriteProcessMemory isteðinin sadece bir parçasý tamamlandý. (0x12B)
[0812/212703.641:ERROR:process_memory_win.cc(73)] ReadMemory at 0x282049c000 of 6024 bytes failed: ReadProcessMemory veya WriteProcessMemory isteðinin sadece bir parçasý tamamlandý. (0x12B)
[0812/212703.642:ERROR:process_memory_win.cc(73)] ReadMemory at 0x282049e000 of 6024 bytes failed: ReadProcessMemory veya WriteProcessMemory isteðinin sadece bir parçasý tamamlandý. (0x12B)
[0812/212703.642:ERROR:process_memory_win.cc(73)] ReadMemory at 0x28204a0000 of 6024 bytes failed: ReadProcessMemory veya WriteProcessMemory isteðinin sadece bir parçasý tamamlandý. (0x12B)
[0812/212703.642:ERROR:process_memory_win.cc(73)] ReadMemory at 0x28204a2000 of 6024 bytes failed: ReadProcessMemory veya WriteProcessMemory isteðinin sadece bir parçasý tamamlandý. (0x12B)
[0812/212703.642:ERROR:process_memory_win.cc(73)] ReadMemory at 0x28204a6000 of 6024 bytes failed: ReadProcessMemory veya WriteProcessMemory isteðinin sadece bir parçasý tamamlandý. (0x12B)
[0812/212703.642:ERROR:process_memory_win.cc(73)] ReadMemory at 0x28204a8000 of 6024 bytes failed: ReadProcessMemory veya WriteProcessMemory isteðinin sadece bir parçasý tamamlandý. (0x12B)
[0812/212703.642:ERROR:process_memory_win.cc(73)] ReadMemory at 0x28204aa000 of 6024 bytes failed: ReadProcessMemory veya WriteProcessMemory isteðinin sadece bir parçasý tamamlandý. (0x12B)
[0812/212703.643:ERROR:process_memory_win.cc(73)] ReadMemory at 0x28204ac000 of 6024 bytes failed: ReadProcessMemory veya WriteProcessMemory isteðinin sadece bir parçasý tamamlandý. (0x12B)
[0812/212703.643:ERROR:process_memory_win.cc(73)] ReadMemory at 0x28204ae000 of 6024 bytes failed: ReadProcessMemory veya WriteProcessMemory isteðinin sadece bir parçasý tamamlandý. (0x12B)
[0812/212703.643:ERROR:process_memory_win.cc(73)] ReadMemory at 0x28204b0000 of 6024 bytes failed: ReadProcessMemory veya WriteProcessMemory isteðinin sadece bir parçasý tamamlandý. (0x12B)
[0812/212703.643:ERROR:process_memory_win.cc(73)] ReadMemory at 0x28204c2000 of 6024 bytes failed: ReadProcessMemory veya WriteProcessMemory isteðinin sadece bir parçasý tamamlandý. (0x12B)
[0812/212703.643:ERROR:process_memory_win.cc(73)] ReadMemory at 0x28204c4000 of 6024 bytes failed: ReadProcessMemory veya WriteProcessMemory isteðinin sadece bir parçasý tamamlandý. (0x12B)
[0812/212703.643:ERROR:process_memory_win.cc(73)] ReadMemory at 0x28204d0000 of 6024 bytes failed: ReadProcessMemory veya WriteProcessMemory isteðinin sadece bir parçasý tamamlandý. (0x12B)
[0812/212703.644:ERROR:process_memory_win.cc(73)] ReadMemory at 0x28204d6000 of 6024 bytes failed: ReadProcessMemory veya WriteProcessMemory isteðinin sadece bir parçasý tamamlandý. (0x12B)
[0812/212703.644:ERROR:process_memory_win.cc(73)] ReadMemory at 0x28204da000 of 6024 bytes failed: ReadProcessMemory veya WriteProcessMemory isteðinin sadece bir parçasý tamamlandý. (0x12B)
[0812/212703.644:ERROR:process_memory_win.cc(73)] ReadMemory at 0x28204de000 of 6024 bytes failed: ReadProcessMemory veya WriteProcessMemory isteðinin sadece bir parçasý tamamlandý. (0x12B)
[0812/212703.644:ERROR:process_memory_win.cc(73)] ReadMemory at 0x28204e0000 of 6024 bytes failed: ReadProcessMemory veya WriteProcessMemory isteðinin sadece bir parçasý tamamlandý. (0x12B)
[0812/212703.644:ERROR:process_memory_win.cc(73)] ReadMemory at 0x28204e2000 of 6024 bytes failed: ReadProcessMemory veya WriteProcessMemory isteðinin sadece bir parçasý tamamlandý. (0x12B)
[0812/212703.644:ERROR:process_memory_win.cc(73)] ReadMemory at 0x28204e4000 of 6024 bytes failed: ReadProcessMemory veya WriteProcessMemory isteðinin sadece bir parçasý tamamlandý. (0x12B)
[0812/212703.644:ERROR:process_memory_win.cc(73)] ReadMemory at 0x28204e6000 of 6024 bytes failed: ReadProcessMemory veya WriteProcessMemory isteðinin sadece bir parçasý tamamlandý. (0x12B)
[0812/212703.644:ERROR:process_memory_win.cc(73)] ReadMemory at 0x1f21e0a0000 of 384 bytes failed: ReadProcessMemory veya WriteProcessMemory isteðinin sadece bir parçasý tamamlandý. (0x12B)
[0812/212703.644:ERROR:process_memory_win.cc(73)] ReadMemory at 0x1f21e0a0ad0 of 1016 bytes failed: ReadProcessMemory veya WriteProcessMemory isteðinin sadece bir parçasý tamamlandý. (0x12B)
[0812/212703.644:ERROR:process_memory_win.cc(73)] ReadMemory at 0x1f21e0a0fe0 of 33090 bytes failed: ReadProcessMemory veya WriteProcessMemory isteðinin sadece bir parçasý tamamlandý. (0x12B)
[0812/212703.644:ERROR:process_memory_win.cc(73)] ReadMemory at 0x1f21e0a9130 of 1012 bytes failed: ReadProcessMemory veya WriteProcessMemory isteðinin sadece bir parçasý tamamlandý. (0x12B)
[0812/212703.644:ERROR:process_memory_win.cc(73)] ReadMemory at 0x1f21e0a9778 of 118 bytes failed: ReadProcessMemory veya WriteProcessMemory isteðinin sadece bir parçasý tamamlandý. (0x12B)
[0812/212703.644:ERROR:process_memory_win.cc(73)] ReadMemory at 0x1f21e0a97f0 of 1182 bytes failed: ReadProcessMemory veya WriteProcessMemory isteðinin sadece bir parçasý tamamlandý. (0x12B)
[0812/212703.644:ERROR:process_memory_win.cc(73)] ReadMemory at 0x1f21e0a9c90 of 118 bytes failed: ReadProcessMemory veya WriteProcessMemory isteðinin sadece bir parçasý tamamlandý. (0x12B)
[0812/212703.644:ERROR:process_memory_win.cc(73)] ReadMemory at 0x1f21e0a9d08 of 98 bytes failed: ReadProcessMemory veya WriteProcessMemory isteðinin sadece bir parçasý tamamlandý. (0x12B)
[0812/212703.644:ERROR:process_memory_win.cc(73)] ReadMemory at 0x1f21e0a9d80 of 58 bytes failed: ReadProcessMemory veya WriteProcessMemory isteðinin sadece bir parçasý tamamlandý. (0x12B)
[0812/212703.644:ERROR:process_memory_win.cc(73)] ReadMemory at 0x1f21e0a9e80 of 132 bytes failed: ReadProcessMemory veya WriteProcessMemory isteðinin sadece bir parçasý tamamlandý. (0x12B)
[0812/212703.644:ERROR:process_memory_win.cc(73)] ReadMemory at 0x1f21e0aa010 of 132 bytes failed: ReadProcessMemory veya WriteProcessMemory isteðinin sadece bir parçasý tamamlandý. (0x12B)
[0812/212703.644:ERROR:process_memory_win.cc(73)] ReadMemory at 0x1f21e0aa1d0 of 126 bytes failed: ReadProcessMemory veya WriteProcessMemory isteðinin sadece bir parçasý tamamlandý. (0x12B)
[0812/212703.644:ERROR:process_memory_win.cc(73)] ReadMemory at 0x1f21e0aa5b0 of 132 bytes failed: ReadProcessMemory veya WriteProcessMemory isteðinin sadece bir parçasý tamamlandý. (0x12B)
[0812/212703.645:ERROR:process_memory_win.cc(73)] ReadMemory at 0x1f21e0aa740 of 64 bytes failed: ReadProcessMemory veya WriteProcessMemory isteðinin sadece bir parçasý tamamlandý. (0x12B)
[0812/212703.645:ERROR:process_memory_win.cc(73)] ReadMemory at 0x1f21e0aa790 of 132 bytes failed: ReadProcessMemory veya WriteProcessMemory isteðinin sadece bir parçasý tamamlandý. (0x12B)
[0812/212703.645:ERROR:process_memory_win.cc(73)] ReadMemory at 0x1f21e0aa9a0 of 154 bytes failed: ReadProcessMemory veya WriteProcessMemory isteðinin sadece bir parçasý tamamlandý. (0x12B)
[0812/212703.645:ERROR:process_memory_win.cc(73)] ReadMemory at 0x1f21e0aaba0 of 132 bytes failed: ReadProcessMemory veya WriteProcessMemory isteðinin sadece bir parçasý tamamlandý. (0x12B)
[0812/212703.645:ERROR:process_memory_win.cc(73)] ReadMemory at 0x1f21e0aad30 of 68 bytes failed: ReadProcessMemory veya WriteProcessMemory isteðinin sadece bir parçasý tamamlandý. (0x12B)
[0812/212703.645:ERROR:process_memory_win.cc(73)] ReadMemory at 0x1f21e0abfd0 of 132 bytes failed: ReadProcessMemory veya WriteProcessMemory isteðinin sadece bir parçasý tamamlandý. (0x12B)
[0812/212703.645:ERROR:process_memory_win.cc(73)] ReadMemory at 0x1f21e0adb20 of 62 bytes failed: ReadProcessMemory veya WriteProcessMemory isteðinin sadece bir parçasý tamamlandý. (0x12B)
[0812/212703.645:ERROR:process_memory_win.cc(73)] ReadMemory at 0x1f21e0add10 of 132 bytes failed: ReadProcessMemory veya WriteProcessMemory isteðinin sadece bir parçasý tamamlandý. (0x12B)
[0812/212703.645:ERROR:process_memory_win.cc(73)] ReadMemory at 0x1f21e0ade40 of 60 bytes failed: ReadProcessMemory veya WriteProcessMemory isteðinin sadece bir parçasý tamamlandý. (0x12B)
[0812/212703.645:ERROR:process_memory_win.cc(73)] ReadMemory at 0x1f21e0b40f0 of 62 bytes failed: ReadProcessMemory veya WriteProcessMemory isteðinin sadece bir parçasý tamamlandý. (0x12B)
[0812/212703.645:ERROR:process_memory_win.cc(73)] ReadMemory at 0x1f21e0b4410 of 60 bytes failed: ReadProcessMemory veya WriteProcessMemory isteðinin sadece bir parçasý tamamlandý. (0x12B)
[0812/212703.645:ERROR:process_memory_win.cc(73)] ReadMemory at 0x1f21e0b59bc of 512 bytes failed: ReadProcessMemory veya WriteProcessMemory isteðinin sadece bir parçasý tamamlandý. (0x12B)
[0812/212703.645:ERROR:process_memory_win.cc(73)] ReadMemory at 0x1f21e0b6880 of 80 bytes failed: ReadProcessMemory veya WriteProcessMemory isteðinin sadece bir parçasý tamamlandý. (0x12B)
[0812/212703.645:ERROR:process_memory_win.cc(73)] ReadMemory at 0x1f21e0c43e0 of 132 bytes failed: ReadProcessMemory veya WriteProcessMemory isteðinin sadece bir parçasý tamamlandý. (0x12B)
[0812/212703.645:ERROR:process_memory_win.cc(73)] ReadMemory at 0x1f21e0c4510 of 132 bytes failed: ReadProcessMemory veya WriteProcessMemory isteðinin sadece bir parçasý tamamlandý. (0x12B)
[0812/212703.645:ERROR:process_memory_win.cc(73)] ReadMemory at 0x1f21e0c4720 of 132 bytes failed: ReadProcessMemory veya WriteProcessMemory isteðinin sadece bir parçasý tamamlandý. (0x12B)
[0812/212703.645:ERROR:process_memory_win.cc(73)] ReadMemory at 0x1f21e0c49d0 of 132 bytes failed: ReadProcessMemory veya WriteProcessMemory isteðinin sadece bir parçasý tamamlandý. (0x12B)
[0812/212703.645:ERROR:process_memory_win.cc(73)] ReadMemory at 0x1f21e0c4b00 of 132 bytes failed: ReadProcessMemory veya WriteProcessMemory isteðinin sadece bir parçasý tamamlandý. (0x12B)
[0812/212703.645:ERROR:process_memory_win.cc(73)] ReadMemory at 0x1f21e0c4c30 of 132 bytes failed: ReadProcessMemory veya WriteProcessMemory isteðinin sadece bir parçasý tamamlandý. (0x12B)
[0812/212703.645:ERROR:process_memory_win.cc(73)] ReadMemory at 0x1f21e0c4d60 of 132 bytes failed: ReadProcessMemory veya WriteProcessMemory isteðinin sadece bir parçasý tamamlandý. (0x12B)
[0812/212703.645:ERROR:process_memory_win.cc(73)] ReadMemory at 0x1f21e0c4e90 of 132 bytes failed: ReadProcessMemory veya WriteProcessMemory isteðinin sadece bir parçasý tamamlandý. (0x12B)
[0812/212703.645:ERROR:process_memory_win.cc(73)] ReadMemory at 0x1f21e0c4fc0 of 132 bytes failed: ReadProcessMemory veya WriteProcessMemory isteðinin sadece bir parçasý tamamlandý. (0x12B)
[0812/212703.645:ERROR:process_memory_win.cc(73)] ReadMemory at 0x1f21e0c50f0 of 132 bytes failed: ReadProcessMemory veya WriteProcessMemory isteðinin sadece bir parçasý tamamlandý. (0x12B)
[0812/212703.645:ERROR:process_memory_win.cc(73)] ReadMemory at 0x1f21e0c5220 of 132 bytes failed: ReadProcessMemory veya WriteProcessMemory isteðinin sadece bir parçasý tamamlandý. (0x12B)
[0812/212703.645:ERROR:process_memory_win.cc(73)] ReadMemory at 0x1f21e0c5350 of 132 bytes failed: ReadProcessMemory veya WriteProcessMemory isteðinin sadece bir parçasý tamamlandý. (0x12B)
[0812/212703.645:ERROR:process_memory_win.cc(73)] ReadMemory at 0x1f21e0c5480 of 132 bytes failed: ReadProcessMemory veya WriteProcessMemory isteðinin sadece bir parçasý tamamlandý. (0x12B)
[0812/212703.646:ERROR:process_memory_win.cc(73)] ReadMemory at 0x1f21e0c55b0 of 132 bytes failed: ReadProcessMemory veya WriteProcessMemory isteðinin sadece bir parçasý tamamlandý. (0x12B)
[0812/212703.646:ERROR:process_memory_win.cc(73)] ReadMemory at 0x1f21e0c56e0 of 132 bytes failed: ReadProcessMemory veya WriteProcessMemory isteðinin sadece bir parçasý tamamlandý. (0x12B)
[0812/212703.646:ERROR:process_memory_win.cc(73)] ReadMemory at 0x1f21e0c5d00 of 80 bytes failed: ReadProcessMemory veya WriteProcessMemory isteðinin sadece bir parçasý tamamlandý. (0x12B)
[0812/212703.646:ERROR:process_memory_win.cc(73)] ReadMemory at 0x1f21e0c5f40 of 76 bytes failed: ReadProcessMemory veya WriteProcessMemory isteðinin sadece bir parçasý tamamlandý. (0x12B)
[0812/212703.646:ERROR:process_memory_win.cc(73)] ReadMemory at 0x1f21e0c7060 of 132 bytes failed: ReadProcessMemory veya WriteProcessMemory isteðinin sadece bir parçasý tamamlandý. (0x12B)
[0812/212703.646:ERROR:process_memory_win.cc(73)] ReadMemory at 0x1f21e0c7190 of 132 bytes failed: ReadProcessMemory veya WriteProcessMemory isteðinin sadece bir parçasý tamamlandý. (0x12B)
[0812/212703.646:ERROR:process_memory_win.cc(73)] ReadMemory at 0x1f21e0c72c0 of 132 bytes failed: ReadProcessMemory veya WriteProcessMemory isteðinin sadece bir parçasý tamamlandý. (0x12B)
[0812/212703.646:ERROR:process_memory_win.cc(73)] ReadMemory at 0x1f21e0c7520 of 132 bytes failed: ReadProcessMemory veya WriteProcessMemory isteðinin sadece bir parçasý tamamlandý. (0x12B)
[0812/212703.646:ERROR:process_memory_win.cc(73)] ReadMemory at 0x1f21e0c78b0 of 132 bytes failed: ReadProcessMemory veya WriteProcessMemory isteðinin sadece bir parçasý tamamlandý. (0x12B)
[0812/212703.646:ERROR:process_memory_win.cc(73)] ReadMemory at 0x1f21e0c79e0 of 132 bytes failed: ReadProcessMemory veya WriteProcessMemory isteðinin sadece bir parçasý tamamlandý. (0x12B)
[0812/212703.646:ERROR:process_memory_win.cc(73)] ReadMemory at 0x1f21e0c7b10 of 132 bytes failed: ReadProcessMemory veya WriteProcessMemory isteðinin sadece bir parçasý tamamlandý. (0x12B)
[0812/212703.646:ERROR:process_memory_win.cc(73)] ReadMemory at 0x1f21e0c7c40 of 132 bytes failed: ReadProcessMemory veya WriteProcessMemory isteðinin sadece bir parçasý tamamlandý. (0x12B)
[0812/212703.646:ERROR:process_memory_win.cc(73)] ReadMemory at 0x1f21e0c7d70 of 132 bytes failed: ReadProcessMemory veya WriteProcessMemory isteðinin sadece bir parçasý tamamlandý. (0x12B)
[0812/212703.646:ERROR:process_memory_win.cc(73)] ReadMemory at 0x1f21e0c7ea0 of 132 bytes failed: ReadProcessMemory veya WriteProcessMemory isteðinin sadece bir parçasý tamamlandý. (0x12B)
[0812/212703.646:ERROR:process_memory_win.cc(73)] ReadMemory at 0x1f21e0c7fd0 of 132 bytes failed: ReadProcessMemory veya WriteProcessMemory isteðinin sadece bir parçasý tamamlandý. (0x12B)
[0812/212703.646:ERROR:process_memory_win.cc(73)] ReadMemory at 0x1f21e0c8100 of 132 bytes failed: ReadProcessMemory veya WriteProcessMemory isteðinin sadece bir parçasý tamamlandý. (0x12B)
[0812/212703.646:ERROR:process_memory_win.cc(73)] ReadMemory at 0x1f21e0c8230 of 132 bytes failed: ReadProcessMemory veya WriteProcessMemory isteðinin sadece bir parçasý tamamlandý. (0x12B)
[0812/212703.646:ERROR:process_memory_win.cc(73)] ReadMemory at 0x1f21e0c8360 of 132 bytes failed: ReadProcessMemory veya WriteProcessMemory isteðinin sadece bir parçasý tamamlandý. (0x12B)
[0812/212703.646:ERROR:process_memory_win.cc(73)] ReadMemory at 0x1f21e0c8490 of 132 bytes failed: ReadProcessMemory veya WriteProcessMemory isteðinin sadece bir parçasý tamamlandý. (0x12B)
[0812/212703.646:ERROR:process_memory_win.cc(73)] ReadMemory at 0x1f21e0c85c0 of 132 bytes failed: ReadProcessMemory veya WriteProcessMemory isteðinin sadece bir parçasý tamamlandý. (0x12B)
[0812/212703.646:ERROR:process_memory_win.cc(73)] ReadMemory at 0x1f21e0c86f0 of 132 bytes failed: ReadProcessMemory veya WriteProcessMemory isteðinin sadece bir parçasý tamamlandý. (0x12B)
[0812/212703.646:ERROR:process_memory_win.cc(73)] ReadMemory at 0x1f21e0c8a80 of 132 bytes failed: ReadProcessMemory veya WriteProcessMemory isteðinin sadece bir parçasý tamamlandý. (0x12B)
[0812/212703.646:ERROR:process_memory_win.cc(73)] ReadMemory at 0x1f21e0c8bb0 of 132 bytes failed: ReadProcessMemory veya WriteProcessMemory isteðinin sadece bir parçasý tamamlandý. (0x12B)
[0812/212703.646:ERROR:process_memory_win.cc(73)] ReadMemory at 0x1f21e0c8ce0 of 132 bytes failed: ReadProcessMemory veya WriteProcessMemory isteðinin sadece bir parçasý tamamlandý. (0x12B)
[0812/212703.646:ERROR:process_memory_win.cc(73)] ReadMemory at 0x1f21e0c8e10 of 132 bytes failed: ReadProcessMemory veya WriteProcessMemory isteðinin sadece bir parçasý tamamlandý. (0x12B)
[0812/212703.646:ERROR:process_memory_win.cc(73)] ReadMemory at 0x1f21e0cab30 of 62 bytes failed: ReadProcessMemory veya WriteProcessMemory isteðinin sadece bir parçasý tamamlandý. (0x12B)
[0812/212703.646:ERROR:process_memory_win.cc(73)] ReadMemory at 0x1f21e0cab80 of 58 bytes failed: ReadProcessMemory veya WriteProcessMemory isteðinin sadece bir parçasý tamamlandý. (0x12B)
[0812/212703.646:ERROR:process_memory_win.cc(73)] ReadMemory at 0x1f21e0cacc0 of 60 bytes failed: ReadProcessMemory veya WriteProcessMemory isteðinin sadece bir parçasý tamamlandý. (0x12B)
[0812/212703.647:ERROR:process_memory_win.cc(73)] ReadMemory at 0x1f21e0caea0 of 60 bytes failed: ReadProcessMemory veya WriteProcessMemory isteðinin sadece bir parçasý tamamlandý. (0x12B)
[0812/212703.647:ERROR:process_memory_win.cc(73)] ReadMemory at 0x1f21e0caef0 of 66 bytes failed: ReadProcessMemory veya WriteProcessMemory isteðinin sadece bir parçasý tamamlandý. (0x12B)
[0812/212703.647:ERROR:process_memory_win.cc(73)] ReadMemory at 0x1f21e0caf90 of 62 bytes failed: ReadProcessMemory veya WriteProcessMemory isteðinin sadece bir parçasý tamamlandý. (0x12B)
[0812/212703.647:ERROR:process_memory_win.cc(73)] ReadMemory at 0x1f21e0cb030 of 60 bytes failed: ReadProcessMemory veya WriteProcessMemory isteðinin sadece bir parçasý tamamlandý. (0x12B)
[0812/212703.647:ERROR:process_memory_win.cc(73)] ReadMemory at 0x1f21e0cb080 of 60 bytes failed: ReadProcessMemory veya WriteProcessMemory isteðinin sadece bir parçasý tamamlandý. (0x12B)
[0812/212703.647:ERROR:process_memory_win.cc(73)] ReadMemory at 0x1f21e0cb0d0 of 62 bytes failed: ReadProcessMemory veya WriteProcessMemory isteðinin sadece bir parçasý tamamlandý. (0x12B)
[0812/212703.647:ERROR:process_memory_win.cc(73)] ReadMemory at 0x1f21e0cb120 of 64 bytes failed: ReadProcessMemory veya WriteProcessMemory isteðinin sadece bir parçasý tamamlandý. (0x12B)
[0812/212703.647:ERROR:process_memory_win.cc(73)] ReadMemory at 0x1f21e0cb1c0 of 66 bytes failed: ReadProcessMemory veya WriteProcessMemory isteðinin sadece bir parçasý tamamlandý. (0x12B)
[0812/212703.647:ERROR:process_memory_win.cc(73)] ReadMemory at 0x1f21e0cb260 of 62 bytes failed: ReadProcessMemory veya WriteProcessMemory isteðinin sadece bir parçasý tamamlandý. (0x12B)
[0812/212703.647:ERROR:process_memory_win.cc(73)] ReadMemory at 0x1f21e0cb2b0 of 62 bytes failed: ReadProcessMemory veya WriteProcessMemory isteðinin sadece bir parçasý tamamlandý. (0x12B)
[0812/212703.647:ERROR:process_memory_win.cc(73)] ReadMemory at 0x1f21e0cb350 of 64 bytes failed: ReadProcessMemory veya WriteProcessMemory isteðinin sadece bir parçasý tamamlandý. (0x12B)
[0812/212703.647:ERROR:process_memory_win.cc(73)] ReadMemory at 0x1f21e0cb3a0 of 64 bytes failed: ReadProcessMemory veya WriteProcessMemory isteðinin sadece bir parçasý tamamlandý. (0x12B)
[0812/212703.647:ERROR:process_memory_win.cc(73)] ReadMemory at 0x1f21e0cb3f0 of 64 bytes failed: ReadProcessMemory veya WriteProcessMemory isteðinin sadece bir parçasý tamamlandý. (0x12B)
[0812/212703.647:ERROR:process_memory_win.cc(73)] ReadMemory at 0x1f21e0cb5d0 of 64 bytes failed: ReadProcessMemory veya WriteProcessMemory isteðinin sadece bir parçasý tamamlandý. (0x12B)
[0812/212703.647:ERROR:process_memory_win.cc(73)] ReadMemory at 0x1f21e0cb620 of 64 bytes failed: ReadProcessMemory veya WriteProcessMemory isteðinin sadece bir parçasý tamamlandý. (0x12B)
[0812/212703.647:ERROR:process_memory_win.cc(73)] ReadMemory at 0x1f21e0cb670 of 64 bytes failed: ReadProcessMemory veya WriteProcessMemory isteðinin sadece bir parçasý tamamlandý. (0x12B)
[0812/212703.647:ERROR:process_memory_win.cc(73)] ReadMemory at 0x1f21e0cb710 of 62 bytes failed: ReadProcessMemory veya WriteProcessMemory isteðinin sadece bir parçasý tamamlandý. (0x12B)
[0812/212703.647:ERROR:process_memory_win.cc(73)] ReadMemory at 0x1f21e0cb760 of 60 bytes failed: ReadProcessMemory veya WriteProcessMemory isteðinin sadece bir parçasý tamamlandý. (0x12B)
[0812/212703.647:ERROR:process_memory_win.cc(73)] ReadMemory at 0x1f21e0cb8a0 of 62 bytes failed: ReadProcessMemory veya WriteProcessMemory isteðinin sadece bir parçasý tamamlandý. (0x12B)
[0812/212703.647:ERROR:process_memory_win.cc(73)] ReadMemory at 0x1f21e0cb990 of 62 bytes failed: ReadProcessMemory veya WriteProcessMemory isteðinin sadece bir parçasý tamamlandý. (0x12B)
[0812/212703.647:ERROR:process_memory_win.cc(73)] ReadMemory at 0x1f21e0cb9e0 of 64 bytes failed: ReadProcessMemory veya WriteProcessMemory isteðinin sadece bir parçasý tamamlandý. (0x12B)
[0812/212703.647:ERROR:process_memory_win.cc(73)] ReadMemory at 0x1f21e0cba30 of 62 bytes failed: ReadProcessMemory veya WriteProcessMemory isteðinin sadece bir parçasý tamamlandý. (0x12B)
[0812/212703.647:ERROR:process_memory_win.cc(73)] ReadMemory at 0x1f21e0d1cb0 of 132 bytes failed: ReadProcessMemory veya WriteProcessMemory isteðinin sadece bir parçasý tamamlandý. (0x12B)
[0812/212703.647:ERROR:process_memory_win.cc(73)] ReadMemory at 0x1f21e0d2010 of 132 bytes failed: ReadProcessMemory veya WriteProcessMemory isteðinin sadece bir parçasý tamamlandý. (0x12B)
[0812/212703.647:ERROR:process_memory_win.cc(73)] ReadMemory at 0x1f21e0d2220 of 132 bytes failed: ReadProcessMemory veya WriteProcessMemory isteðinin sadece bir parçasý tamamlandý. (0x12B)
[0812/212703.647:ERROR:process_memory_win.cc(73)] ReadMemory at 0x1f21e0d30f0 of 132 bytes failed: ReadProcessMemory veya WriteProcessMemory isteðinin sadece bir parçasý tamamlandý. (0x12B)
[0812/212703.647:ERROR:process_memory_win.cc(73)] ReadMemory at 0x1f21e0d3220 of 132 bytes failed: ReadProcessMemory veya WriteProcessMemory isteðinin sadece bir parçasý tamamlandý. (0x12B)
[0812/212703.647:ERROR:process_memory_win.cc(73)] ReadMemory at 0x1f21e0d3350 of 146 bytes failed: ReadProcessMemory veya WriteProcessMemory isteðinin sadece bir parçasý tamamlandý. (0x12B)
[0812/212703.647:ERROR:process_memory_win.cc(73)] ReadMemory at 0x1f21e0d62a0 of 132 bytes failed: ReadProcessMemory veya WriteProcessMemory isteðinin sadece bir parçasý tamamlandý. (0x12B)
[0812/212703.648:ERROR:process_memory_win.cc(73)] ReadMemory at 0x1f21e0d65c0 of 132 bytes failed: ReadProcessMemory veya WriteProcessMemory isteðinin sadece bir parçasý tamamlandý. (0x12B)
[0812/212703.648:ERROR:process_memory_win.cc(73)] ReadMemory at 0x1f21e0d6c00 of 54 bytes failed: ReadProcessMemory veya WriteProcessMemory isteðinin sadece bir parçasý tamamlandý. (0x12B)
[0812/212703.648:ERROR:process_memory_win.cc(73)] ReadMemory at 0x1f21e0d7da0 of 78 bytes failed: ReadProcessMemory veya WriteProcessMemory isteðinin sadece bir parçasý tamamlandý. (0x12B)
[0812/212703.648:ERROR:process_memory_win.cc(73)] ReadMemory at 0x1f21e0ff090 of 62 bytes failed: ReadProcessMemory veya WriteProcessMemory isteðinin sadece bir parçasý tamamlandý. (0x12B)
[0812/212703.648:ERROR:process_memory_win.cc(73)] ReadMemory at 0x1f21e0ff180 of 60 bytes failed: ReadProcessMemory veya WriteProcessMemory isteðinin sadece bir parçasý tamamlandý. (0x12B)
[0812/212703.648:ERROR:process_memory_win.cc(73)] ReadMemory at 0x1f21e0ff540 of 58 bytes failed: ReadProcessMemory veya WriteProcessMemory isteðinin sadece bir parçasý tamamlandý. (0x12B)
[0812/212703.648:ERROR:process_memory_win.cc(73)] ReadMemory at 0x1f21e0ff680 of 58 bytes failed: ReadProcessMemory veya WriteProcessMemory isteðinin sadece bir parçasý tamamlandý. (0x12B)
[0812/212703.648:ERROR:process_memory_win.cc(73)] ReadMemory at 0x1f21e0ff720 of 58 bytes failed: ReadProcessMemory veya WriteProcessMemory isteðinin sadece bir parçasý tamamlandý. (0x12B)
[0812/212703.648:ERROR:process_memory_win.cc(73)] ReadMemory at 0x1f21e0ff810 of 62 bytes failed: ReadProcessMemory veya WriteProcessMemory isteðinin sadece bir parçasý tamamlandý. (0x12B)
[0812/212703.648:ERROR:process_memory_win.cc(73)] ReadMemory at 0x1f21e0ff8b0 of 66 bytes failed: ReadProcessMemory veya WriteProcessMemory isteðinin sadece bir parçasý tamamlandý. (0x12B)
[0812/212703.648:ERROR:process_memory_win.cc(73)] ReadMemory at 0x1f21e0ff900 of 62 bytes failed: ReadProcessMemory veya WriteProcessMemory isteðinin sadece bir parçasý tamamlandý. (0x12B)
[0812/212703.648:ERROR:process_memory_win.cc(73)] ReadMemory at 0x1f21e0ffcc0 of 64 bytes failed: ReadProcessMemory veya WriteProcessMemory isteðinin sadece bir parçasý tamamlandý. (0x12B)
[0812/212703.648:ERROR:process_memory_win.cc(73)] ReadMemory at 0x1f21e0ffe50 of 60 bytes failed: ReadProcessMemory veya WriteProcessMemory isteðinin sadece bir parçasý tamamlandý. (0x12B)
[0812/212703.648:ERROR:process_memory_win.cc(73)] ReadMemory at 0x1f21e13b198 of 512 bytes failed: ReadProcessMemory veya WriteProcessMemory isteðinin sadece bir parçasý tamamlandý. (0x12B)
[0812/212703.648:ERROR:process_memory_win.cc(73)] ReadMemory at 0x1f21e142390 of 512 bytes failed: ReadProcessMemory veya WriteProcessMemory isteðinin sadece bir parçasý tamamlandý. (0x12B)
[0812/212703.648:ERROR:process_memory_win.cc(73)] ReadMemory at 0x1f21e15dd80 of 512 bytes failed: ReadProcessMemory veya WriteProcessMemory isteðinin sadece bir parçasý tamamlandý. (0x12B)
[0812/212703.648:ERROR:process_memory_win.cc(73)] ReadMemory at 0x1f21e161bf0 of 512 bytes failed: ReadProcessMemory veya WriteProcessMemory isteðinin sadece bir parçasý tamamlandý. (0x12B)
[0812/212703.648:ERROR:process_memory_win.cc(73)] ReadMemory at 0x1f21e162400 of 712 bytes failed: ReadProcessMemory veya WriteProcessMemory isteðinin sadece bir parçasý tamamlandý. (0x12B)
[0812/212703.648:ERROR:process_memory_win.cc(73)] ReadMemory at 0x1f21e1a2a40 of 512 bytes failed: ReadProcessMemory veya WriteProcessMemory isteðinin sadece bir parçasý tamamlandý. (0x12B)
[0812/212703.648:ERROR:process_memory_win.cc(73)] ReadMemory at 0x1f21e1a3400 of 512 bytes failed: ReadProcessMemory veya WriteProcessMemory isteðinin sadece bir parçasý tamamlandý. (0x12B)
[0812/212703.648:ERROR:process_memory_win.cc(73)] ReadMemory at 0x1f21fb9ac90 of 512 bytes failed: ReadProcessMemory veya WriteProcessMemory isteðinin sadece bir parçasý tamamlandý. (0x12B)
[0812/212703.648:ERROR:process_memory_win.cc(73)] ReadMemory at 0x1f21fbf8f10 of 512 bytes failed: ReadProcessMemory veya WriteProcessMemory isteðinin sadece bir parçasý tamamlandý. (0x12B)
[0812/212703.648:ERROR:process_memory_win.cc(73)] ReadMemory at 0x1f21fc306a0 of 512 bytes failed: ReadProcessMemory veya WriteProcessMemory isteðinin sadece bir parçasý tamamlandý. (0x12B)
[0812/212703.648:ERROR:process_memory_win.cc(73)] ReadMemory at 0x1f21ff8f700 of 512 bytes failed: ReadProcessMemory veya WriteProcessMemory isteðinin sadece bir parçasý tamamlandý. (0x12B)
[0812/212703.648:ERROR:process_memory_win.cc(73)] ReadMemory at 0x1f22189ddb0 of 512 bytes failed: ReadProcessMemory veya WriteProcessMemory isteðinin sadece bir parçasý tamamlandý. (0x12B)
[0812/212703.648:ERROR:process_memory_win.cc(73)] ReadMemory at 0x1f22189e458 of 512 bytes failed: ReadProcessMemory veya WriteProcessMemory isteðinin sadece bir parçasý tamamlandý. (0x12B)
[0812/212703.648:ERROR:process_memory_win.cc(73)] ReadMemory at 0x1f224eafd90 of 512 bytes failed: ReadProcessMemory veya WriteProcessMemory isteðinin sadece bir parçasý tamamlandý. (0x12B)
[0812/212703.648:ERROR:process_memory_win.cc(73)] ReadMemory at 0x1f224fc1fb0 of 512 bytes failed: ReadProcessMemory veya WriteProcessMemory isteðinin sadece bir parçasý tamamlandý. (0x12B)
[0812/212703.649:ERROR:process_memory_win.cc(73)] ReadMemory at 0x1f22bc94d10 of 512 bytes failed: ReadProcessMemory veya WriteProcessMemory isteðinin sadece bir parçasý tamamlandý. (0x12B)
[0812/212703.649:ERROR:process_memory_win.cc(73)] ReadMemory at 0x1f22bc95090 of 512 bytes failed: ReadProcessMemory veya WriteProcessMemory isteðinin sadece bir parçasý tamamlandý. (0x12B)
[0812/212703.649:ERROR:process_memory_win.cc(73)] ReadMemory at 0x8ea0d954610 of 616 bytes failed: ReadProcessMemory veya WriteProcessMemory isteðinin sadece bir parçasý tamamlandý. (0x12B)
[0812/212703.649:ERROR:process_memory_win.cc(73)] ReadMemory at 0x8ea0d9d71b0 of 512 bytes failed: ReadProcessMemory veya WriteProcessMemory isteðinin sadece bir parçasý tamamlandý. (0x12B)
[0812/212703.649:ERROR:process_memory_win.cc(73)] ReadMemory at 0x360f08040000 of 384 bytes failed: ReadProcessMemory veya WriteProcessMemory isteðinin sadece bir parçasý tamamlandý. (0x12B)
[0812/212703.649:ERROR:process_memory_win.cc(73)] ReadMemory at 0x360f08272cad of 512 bytes failed: ReadProcessMemory veya WriteProcessMemory isteðinin sadece bir parçasý tamamlandý. (0x12B)
[0812/212703.649:ERROR:process_memory_win.cc(73)] ReadMemory at 0x360f08f186d0 of 512 bytes failed: ReadProcessMemory veya WriteProcessMemory isteðinin sadece bir parçasý tamamlandý. (0x12B)
[0812/212703.649:ERROR:process_memory_win.cc(73)] ReadMemory at 0x360f0a900000 of 384 bytes failed: ReadProcessMemory veya WriteProcessMemory isteðinin sadece bir parçasý tamamlandý. (0x12B)
[0812/212703.649:ERROR:process_memory_win.cc(73)] ReadMemory at 0x7ff81b9f25f8 of 512 bytes failed: ReadProcessMemory veya WriteProcessMemory isteðinin sadece bir parçasý tamamlandý. (0x12B)
[0812/212703.649:ERROR:process_memory_win.cc(73)] ReadMemory at 0x7ff81c87aa81 of 512 bytes failed: ReadProcessMemory veya WriteProcessMemory isteðinin sadece bir parçasý tamamlandý. (0x12B)
[0812/212703.649:ERROR:process_memory_win.cc(73)] ReadMemory at 0x7ff81f2b9237 of 512 bytes failed: ReadProcessMemory veya WriteProcessMemory isteðinin sadece bir parçasý tamamlandý. (0x12B)
[0812/212703.649:ERROR:process_memory_win.cc(73)] ReadMemory at 0x7ff820a8a8c0 of 512 bytes failed: ReadProcessMemory veya WriteProcessMemory isteðinin sadece bir parçasý tamamlandý. (0x12B)
[0812/212703.649:ERROR:process_memory_win.cc(73)] ReadMemory at 0x7ff8217ca780 of 512 bytes failed: ReadProcessMemory veya WriteProcessMemory isteðinin sadece bir parçasý tamamlandý. (0x12B)
[0812/212703.649:ERROR:process_memory_win.cc(73)] ReadMemory at 0x7ff884dda719 of 512 bytes failed: ReadProcessMemory veya WriteProcessMemory isteðinin sadece bir parçasý tamamlandý. (0x12B)
[0812/212703.649:ERROR:process_memory_win.cc(73)] ReadMemory at 0x7ff88500c720 of 512 bytes failed: ReadProcessMemory veya WriteProcessMemory isteðinin sadece bir parçasý tamamlandý. (0x12B)
[0812/212703.649:ERROR:process_memory_win.cc(73)] ReadMemory at 0x7ff88723c3bf of 512 bytes failed: ReadProcessMemory veya WriteProcessMemory isteðinin sadece bir parçasý tamamlandý. (0x12B)
[0812/212703.649:ERROR:process_memory_win.cc(73)] ReadMemory at 0x7ff88729c074 of 672 bytes failed: ReadProcessMemory veya WriteProcessMemory isteðinin sadece bir parçasý tamamlandý. (0x12B)
[0812/212703.649:ERROR:process_memory_win.cc(73)] ReadMemory at 0x7ff88729c674 of 512 bytes failed: ReadProcessMemory veya WriteProcessMemory isteðinin sadece bir parçasý tamamlandý. (0x12B)
[0812/212703.649:ERROR:process_memory_win.cc(73)] ReadMemory at 0x7ff88729f924 of 608 bytes failed: ReadProcessMemory veya WriteProcessMemory isteðinin sadece bir parçasý tamamlandý. (0x12B)
[0812/212703.649:ERROR:process_memory_win.cc(73)] ReadMemory at 0x7ff88732c428 of 18 bytes failed: ReadProcessMemory veya WriteProcessMemory isteðinin sadece bir parçasý tamamlandý. (0x12B)
[0812/212703.649:ERROR:process_memory_win.cc(73)] ReadMemory at 0x7ff88735f4f8 of 40 bytes failed: ReadProcessMemory veya WriteProcessMemory isteðinin sadece bir parçasý tamamlandý. (0x12B)
[0812/212703.649:ERROR:process_memory_win.cc(73)] ReadMemory at 0x7ff88735f978 of 48 bytes failed: ReadProcessMemory veya WriteProcessMemory isteðinin sadece bir parçasý tamamlandý. (0x12B)
[0812/212703.649:ERROR:process_memory_win.cc(73)] ReadMemory at 0x7ff8873653c0 of 64 bytes failed: ReadProcessMemory veya WriteProcessMemory isteðinin sadece bir parçasý tamamlandý. (0x12B)
[0812/212703.651:ERROR:scoped_process_suspend.cc(40)] NtResumeProcess: Sona ermekte olan bir iþleme eriþmeye çalýþýldý. (0xc000010a)
