{"logLevel":"debug","message":"multithreading is set to false"}
{"logLevel":"debug","message":"Using reflection to scan dependencies for gauge implementations..."}
{"logLevel":"debug","message":"gauge-java took 701milliseconds to load and scan. This should be less than 'runner_connection_timeout' config value."}
{"logLevel":"debug","message":"run 'gauge config runner_connection_timeout' and verify that it is < 701"}
{"logLevel":"debug","message":"starting gRPC server..."}
{"logLevel":"debug","message":"started gRPC server on port 59271"}
{"logLevel":"info","message":"Listening on port:59271"}
{"logLevel":"debug","message":"Scanning packages for steps"}
{"logLevel":"debug","message":"Comparing 'Page.HomePage.Search' and 'Page.HomePage.Search'"}
{"logLevel":"debug","message":"Found id1 ile {} giriş yap,id2 ile {} giriş yap in current project scope."}
{"logLevel":"debug","message":"Comparing 'Page.LoginPage.Search' and 'Page.LoginPage.Search'"}
{"logLevel":"debug","message":"Found id1 ile {} kadi {},id2 ile {} password {},id5 {} ile tıkla in current project scope."}
{"logLevel":"debug","message":"Scanning packages for hooks"}
{"logLevel":"debug","message":"Scanned steps (using static parsing + reflections): "}
{"logLevel":"debug","message":"\tid1 ile {} giriş yap,id2 ile {} giriş yap : public void Search(String id1, String id2) throws InterruptedException"}
{"logLevel":"debug","message":"\tid1 ile {} kadi {},id2 ile {} password {},id5 {} ile tıkla : public void Search(String id3, String kadi, String id4, String password, String id5) throws InterruptedException"}
Starting ChromeDriver 84.0.4147.30 (48b3e868b4cc0aa7e8149519690b6f6949e110a8-refs/branch-heads/4147@{#310}) on port 11732
Only local connections are allowed.
Please see https://chromedriver.chromium.org/security-considerations for suggestions on keeping ChromeDriver safe.
ChromeDriver was started successfully.
Ağu 12, 2020 11:47:52 AM org.openqa.selenium.remote.ProtocolHandshake createSession
INFO: Detected dialect: W3C
{"logLevel":"debug","message":"Executing 'id1 ile {} giriş yap,id2 ile {} giriş yap' using 'class Page.HomePage.Search"}
{"logLevel":"debug","message":"Executing 'id1 ile {} kadi {},id2 ile {} password {},id5 {} ile tıkla' using 'class Page.LoginPage.Search"}
