{"logLevel":"debug","message":"multithreading is set to false"}
{"logLevel":"debug","message":"Using reflection to scan dependencies for gauge implementations..."}
{"logLevel":"debug","message":"gauge-java took 768milliseconds to load and scan. This should be less than 'runner_connection_timeout' config value."}
{"logLevel":"debug","message":"run 'gauge config runner_connection_timeout' and verify that it is < 768"}
{"logLevel":"debug","message":"starting gRPC server..."}
{"logLevel":"debug","message":"started gRPC server on port 52397"}
{"logLevel":"info","message":"Listening on port:52397"}
{"logLevel":"debug","message":"Scanning packages for steps"}
{"logLevel":"debug","message":"Comparing 'Page.LoginPage.kontrolsepet' and 'Page.LoginPage.kontrolsepet'"}
{"logLevel":"debug","message":"Found idhesap ile {} sepet kontrolü yap in current project scope."}
{"logLevel":"debug","message":"Comparing 'Testler.HomeTest.Searchtest' and 'Testler.HomeTest.Searchtest'"}
{"logLevel":"debug","message":"Found id1 ile {} giriş yap,id2 ile {} giriş yap in current project scope."}
{"logLevel":"debug","message":"Comparing 'Page.LoginPage.kontrol' and 'Page.LoginPage.kontrol'"}
{"logLevel":"debug","message":"Found idhesap ile {} tıkla in current project scope."}
{"logLevel":"debug","message":"Comparing 'Page.LoginPage.giris' and 'Page.LoginPage.giris'"}
{"logLevel":"debug","message":"Found id1 ile {} kadi {},id2 ile {} password {},id5 {} ile tıkla in current project scope."}
{"logLevel":"debug","message":"Scanning packages for hooks"}
{"logLevel":"debug","message":"Scanned steps (using static parsing + reflections): "}
{"logLevel":"debug","message":"\tidhesap ile {} sepet kontrolü yap : public void kontrolsepet(String control2) throws InterruptedException"}
{"logLevel":"debug","message":"\tid1 ile {} giriş yap,id2 ile {} giriş yap : public void Searchtest(String id1, String id2) throws InterruptedException"}
{"logLevel":"debug","message":"\tidhesap ile {} tıkla : public void kontrol(String control) throws InterruptedException"}
{"logLevel":"debug","message":"\tid1 ile {} kadi {},id2 ile {} password {},id5 {} ile tıkla : public void giris(String id3, String kadi, String id4, String password, String id5) throws InterruptedException"}
Starting ChromeDriver 84.0.4147.30 (48b3e868b4cc0aa7e8149519690b6f6949e110a8-refs/branch-heads/4147@{#310}) on port 12442
Only local connections are allowed.
Please see https://chromedriver.chromium.org/security-considerations for suggestions on keeping ChromeDriver safe.
ChromeDriver was started successfully.
Ağu 12, 2020 2:50:44 PM org.openqa.selenium.remote.ProtocolHandshake createSession
INFO: Detected dialect: W3C
{"logLevel":"debug","message":"Executing 'id1 ile {} giriş yap,id2 ile {} giriş yap' using 'class Testler.HomeTest.Searchtest"}
{"logLevel":"debug","message":"Executing 'id1 ile {} kadi {},id2 ile {} password {},id5 {} ile tıkla' using 'class Page.LoginPage.giris"}
{"logLevel":"debug","message":"Executing 'idhesap ile {} tıkla' using 'class Page.LoginPage.kontrol"}
Kübra Duanur MUSLU
{"logLevel":"debug","message":"Executing 'idhesap ile {} sepet kontrolü yap' using 'class Page.LoginPage.kontrolsepet"}
[1597233080.376][WARNING]: Timed out connecting to Chrome, retrying...
